Copyright 1986-2022 Xilinx, Inc. All Rights Reserved.
----------------------------------------------------------------------------------------------------------------------------------------------------------------------
| Tool Version : Vivado v.2022.1 (win64) Build 3526262 Mon Apr 18 15:48:16 MDT 2022
| Date         : Fri Apr 28 14:24:41 2023
| Host         : DESKTOP-CJI9H9H running 64-bit major release  (build 9200)
| Command      : upgrade_project -migrate_output_products
| Project_Path : C:/everything/college/UCF stuff/Year 5 term 1/FPGA Design Labs/FPGA final project/vivado projects/bomberman_basys3/bomberman_basys3.xpr
----------------------------------------------------------------------------------------------------------------------------------------------------------------------

Project Status Summary

1. Project IP Status
--------------------
This project contains 7 IP and 0 Block Designs.


1.1 Project IP Instances
+-----------------+-------------------------+-------------------------------------+-------------------------------------+
| Instance Name   | Status                  | Reason                              | Recommendation                      |
+-----------------+-------------------------+-------------------------------------+-------------------------------------+
| block_dm        | Will be Migrated.       |                                     |                                     |
+-----------------+-------------------------+-------------------------------------+-------------------------------------+
| block_map       | Will be Migrated.       |                                     |                                     |
+-----------------+-------------------------+-------------------------------------+-------------------------------------+
| bm_sprite_br    | Will be Migrated.       |                                     |                                     |
+-----------------+-------------------------+-------------------------------------+-------------------------------------+
| bomb_dm         | Will be Migrated.       |                                     |                                     |
+-----------------+-------------------------+-------------------------------------+-------------------------------------+
| enemy_sprite_br | Will be Migrated.       |                                     |                                     |
+-----------------+-------------------------+-------------------------------------+-------------------------------------+
| explosions_br   | Will be Migrated.       |                                     |                                     |
+-----------------+-------------------------+-------------------------------------+-------------------------------------+
| pillar_dm       | Will be Migrated.       |                                     |                                     |
+-----------------+-------------------------+-------------------------------------+-------------------------------------+



