#-----------------------------------------------------------
# Vivado v2017.4 (64-bit)
# SW Build 2086221 on Fri Dec 15 20:55:39 MST 2017
# IP Build 2085800 on Fri Dec 15 22:25:07 MST 2017
# Start of session at: Tue Jan  3 19:03:53 2023
# Process ID: 12144
# Current directory: C:/everything/college/UCF stuff/Year 5 term 1/FPGA Design Labs/FPGA final project/vivado projects/bomberman_basys3
# Command line: vivado.exe -gui_launcher_event rodinguilauncherevent18036 C:\everything\college\UCF stuff\Year 5 term 1\FPGA Design Labs\FPGA final project\vivado projects\bomberman_basys3\bomberman_basys3.xpr
# Log file: C:/everything/college/UCF stuff/Year 5 term 1/FPGA Design Labs/FPGA final project/vivado projects/bomberman_basys3/vivado.log
# Journal file: C:/everything/college/UCF stuff/Year 5 term 1/FPGA Design Labs/FPGA final project/vivado projects/bomberman_basys3\vivado.jou
#-----------------------------------------------------------
start_gui
open_project {C:/everything/college/UCF stuff/Year 5 term 1/FPGA Design Labs/FPGA final project/vivado projects/bomberman_basys3/bomberman_basys3.xpr}
INFO: [ProjectBase 1-489] The host OS only allows 260 characters in a normal path. The project is stored in a path with more than 80 characters. If you experience issues with IP, Block Designs, or files not being found, please consider moving the project to a location with a shorter path. Alternately consider using the OS subst command to map part of the path to a drive letter.
Current project path is 'C:/everything/college/UCF stuff/Year 5 term 1/FPGA Design Labs/FPGA final project/vivado projects/bomberman_basys3'
Scanning sources...
Finished scanning sources
INFO: [IP_Flow 19-234] Refreshing IP repositories
INFO: [IP_Flow 19-1704] No user IP repositories specified
INFO: [IP_Flow 19-2313] Loaded Vivado IP repository 'C:/Xilinx_2017_4/Vivado/2017.4/data/ip'.
open_project: Time (s): cpu = 00:00:07 ; elapsed = 00:00:06 . Memory (MB): peak = 782.117 ; gain = 81.145
update_compile_order -fileset sources_1
exit
INFO: [Common 17-206] Exiting Vivado at Tue Jan  3 19:13:45 2023...
